\BOOKMARK [0][-]{chapter.1}{\376\377\0001\000.\000\040\000S\000p\000e\000c\000i\000f\000i\000k\000\341\000c\000i\000\363}{}% 1
\BOOKMARK [1][-]{section.1.1}{\376\377\0001\000.\0001\000.\000\040\000A\000z\000\040\000a\000l\000k\000a\000l\000m\000a\000z\000\341\000s\000\040\000c\000\351\000l\000j\000a}{chapter.1}% 2
\BOOKMARK [1][-]{section.1.2}{\376\377\0001\000.\0002\000.\000\040\000K\000\351\000p\000e\000r\000n\000y\001\121\000k}{chapter.1}% 3
\BOOKMARK [2][-]{subsection.1.2.1}{\376\377\0001\000.\0002\000.\0001\000.\000\040\000F\001\121\000o\000l\000d\000a\000l}{section.1.2}% 4
\BOOKMARK [2][-]{subsection.1.2.2}{\376\377\0001\000.\0002\000.\0002\000.\000\040\000R\000e\000g\000i\000s\000z\000t\000r\000\341\000c\000i\000\363\000s\000\040\000o\000l\000d\000a\000l}{section.1.2}% 5
\BOOKMARK [2][-]{subsection.1.2.3}{\376\377\0001\000.\0002\000.\0003\000.\000\040\000B\000e\000j\000e\000l\000e\000n\000t\000k\000e\000z\000\351\000s\000i\000\040\000o\000l\000d\000a\000l}{section.1.2}% 6
\BOOKMARK [2][-]{subsection.1.2.4}{\376\377\0001\000.\0002\000.\0004\000.\000\040\000B\000e\000m\000u\000t\000a\000t\000k\000o\000z\000\363\000\040\000o\000l\000d\000a\000l}{section.1.2}% 7
\BOOKMARK [2][-]{subsection.1.2.5}{\376\377\0001\000.\0002\000.\0005\000.\000\040\000S\000z\000o\000l\000g\000\341\000l\000t\000a\000t\000\341\000s\000o\000k}{section.1.2}% 8
\BOOKMARK [2][-]{subsection.1.2.6}{\376\377\0001\000.\0002\000.\0006\000.\000\040\000A\000k\000c\000i\000\363\000k}{section.1.2}% 9
\BOOKMARK [2][-]{subsection.1.2.7}{\376\377\0001\000.\0002\000.\0007\000.\000\040\000K\000a\000p\000c\000s\000o\000l\000a\000t}{section.1.2}% 10
\BOOKMARK [2][-]{subsection.1.2.8}{\376\377\0001\000.\0002\000.\0008\000.\000\040\000S\000z\000e\000m\000\351\000l\000y\000e\000s\000\040\000a\000d\000a\000t\000o\000k}{section.1.2}% 11
\BOOKMARK [2][-]{subsection.1.2.9}{\376\377\0001\000.\0002\000.\0009\000.\000\040\000E\000l\001\121\000f\000i\000z\000e\000t\000\351\000s\000i\000\040\000o\000l\000d\000a\000l}{section.1.2}% 12
\BOOKMARK [2][-]{subsection.1.2.10}{\376\377\0001\000.\0002\000.\0001\0000\000.\000\040\000S\000z\000\341\000m\000l\000a\000b\000e\000f\000i\000z\000e\000t\000\351\000s}{section.1.2}% 13
\BOOKMARK [2][-]{subsection.1.2.11}{\376\377\0001\000.\0002\000.\0001\0001\000.\000\040\000H\000i\000b\000a\000b\000e\000j\000e\000l\000e\000n\000t\000\351\000s}{section.1.2}% 14
\BOOKMARK [1][-]{section.1.3}{\376\377\0001\000.\0003\000.\000\040\000A\000\040\000s\000z\000o\000f\000t\000v\000e\000r\000\040\000e\000l\000k\000\351\000s\000z\000\355\000t\000\351\000s\000\351\000r\000e\000\040\000h\000a\000s\000z\000n\000\341\000l\000t\000\040\000t\000e\000c\000h\000n\000o\000l\000\363\000g\000i\000\341\000k\000,\000\040\000\351\000s\000\040\000a\000z\000\040\000a\000z\000t\000\040\000t\000\341\000m\000g\000a\000t\000\363\000\040\000e\000s\000z\000k\000\366\000z\000\366\000k}{chapter.1}% 15
\BOOKMARK [2][-]{subsection.1.3.1}{\376\377\0001\000.\0003\000.\0001\000.\000\040\000J\000a\000v\000a\000\040\000E\000n\000t\000e\000r\000p\000r\000e\000i\000s\000e\000\040\000E\000d\000i\000t\000i\000o\000n}{section.1.3}% 16
\BOOKMARK [2][-]{subsection.1.3.2}{\376\377\0001\000.\0003\000.\0002\000.\000\040\000W\000i\000l\000d\000F\000l\000y\000\040\000A\000p\000p\000l\000i\000c\000a\000t\000i\000o\000n\000\040\000S\000e\000r\000v\000e\000r}{section.1.3}% 17
\BOOKMARK [2][-]{subsection.1.3.3}{\376\377\0001\000.\0003\000.\0003\000.\000\040\000I\000n\000t\000e\000l\000l\000i\000J\000\040\000I\000D\000E\000A}{section.1.3}% 18
\BOOKMARK [2][-]{subsection.1.3.4}{\376\377\0001\000.\0003\000.\0004\000.\000\040\000V\000a\000a\000d\000i\000n\000\040\000F\000r\000a\000m\000e\000w\000o\000r\000k}{section.1.3}% 19
\BOOKMARK [2][-]{subsection.1.3.5}{\376\377\0001\000.\0003\000.\0005\000.\000\040\000G\000i\000t}{section.1.3}% 20
\BOOKMARK [0][-]{chapter.2}{\376\377\0002\000.\000\040\000A\000\040\000J\000a\000v\000a\000\040\000E\000n\000t\000e\000r\000p\000r\000i\000s\000e\000\040\000E\000d\000i\000t\000i\000o\000n}{}% 21
\BOOKMARK [1][-]{section.2.1}{\376\377\0002\000.\0001\000.\000\040\000S\000z\000a\000k\000a\000s\000z\000\040\000c\000\355\000m\000e}{chapter.2}% 22
\BOOKMARK [2][-]{subsection.2.1.1}{\376\377\0002\000.\0001\000.\0001\000.\000\040\000A\000l\000s\000z\000a\000k\000a\000s\000z\000\040\000c\000\355\000m\000e}{section.2.1}% 23
\BOOKMARK [0][-]{chapter.3}{\376\377\0003\000.\000\040\000A\000z\000\040\000a\000l\000k\000a\000l\000m\000a\000z\000\341\000s}{}% 24
\BOOKMARK [1][-]{section.3.1}{\376\377\0003\000.\0001\000.\000\040\000A\000z\000\040\000a\000d\000a\000t\000b\000\341\000z\000i\000s\000m\000o\000d\000e\000l\000l}{chapter.3}% 25
\BOOKMARK [2][-]{subsection.3.1.1}{\376\377\0003\000.\0001\000.\0001\000.\000\040\000A\000l\000s\000z\000a\000k\000a\000s\000z\000\040\000c\000\355\000m\000e}{section.3.1}% 26
\BOOKMARK [0][-]{chapter.4}{\376\377\0004\000.\000\040\000\326\000s\000s\000z\000e\000g\000z\000\351\000s}{}% 27
\BOOKMARK [1][-]{section.4.1}{\376\377\0004\000.\0001\000.\000\040\000S\000z\000a\000k\000a\000s\000z\000\040\000c\000\355\000m\000e}{chapter.4}% 28
\BOOKMARK [2][-]{subsection.4.1.1}{\376\377\0004\000.\0001\000.\0001\000.\000\040\000A\000l\000s\000z\000a\000k\000a\000s\000z\000\040\000c\000\355\000m\000e}{section.4.1}% 29
